0 info it worked if it ends with ok
1 verbose cli [ '/Users/auiii/.nvm/versions/node/v7.7.1/bin/node',
1 verbose cli   '/Users/auiii/.nvm/versions/node/v7.7.1/bin/npm',
1 verbose cli   'install' ]
2 info using npm@4.1.2
3 info using node@v7.7.1
4 silly loadCurrentTree Starting
5 silly install loadCurrentTree
6 silly install readLocalPackageData
7 silly install normalizeTree
8 silly loadCurrentTree Finishing
9 silly loadIdealTree Starting
10 silly install loadIdealTree
11 silly cloneCurrentTree Starting
12 silly install cloneCurrentTreeToIdealTree
13 silly cloneCurrentTree Finishing
14 silly loadShrinkwrap Starting
15 silly install loadShrinkwrap
16 silly loadShrinkwrap Finishing
17 silly loadAllDepsIntoIdealTree Starting
18 silly install loadAllDepsIntoIdealTree
19 silly loadAllDepsIntoIdealTree Finishing
20 silly loadIdealTree Finishing
21 silly currentTree atom-react-native-autocomplete@0.0.27
21 silly currentTree ├── ajv@4.11.8
21 silly currentTree ├── ansi-regex@2.1.1
21 silly currentTree ├── ansi-styles@2.2.1
21 silly currentTree ├── asn1@0.2.3
21 silly currentTree ├── assert-plus@0.2.0
21 silly currentTree ├── asynckit@0.4.0
21 silly currentTree ├── atom-package-deps@4.3.1
21 silly currentTree ├── atom-package-path@1.1.0
21 silly currentTree ├── aws-sign2@0.6.0
21 silly currentTree ├── aws4@1.6.0
21 silly currentTree ├── babel-code-frame@6.26.0
21 silly currentTree ├── babel-helper-call-delegate@6.24.1
21 silly currentTree ├── babel-helper-define-map@6.26.0
21 silly currentTree ├── babel-helper-function-name@6.24.1
21 silly currentTree ├── babel-helper-get-function-arity@6.24.1
21 silly currentTree ├── babel-helper-hoist-variables@6.24.1
21 silly currentTree ├── babel-helper-optimise-call-expression@6.24.1
21 silly currentTree ├── babel-helper-regex@6.26.0
21 silly currentTree ├── babel-helper-replace-supers@6.24.1
21 silly currentTree ├── babel-messages@6.23.0
21 silly currentTree ├── babel-plugin-add-module-exports@0.1.4
21 silly currentTree ├── babel-plugin-check-es2015-constants@6.22.0
21 silly currentTree ├── babel-plugin-transform-es2015-arrow-functions@6.22.0
21 silly currentTree ├── babel-plugin-transform-es2015-block-scoped-functions@6.22.0
21 silly currentTree ├── babel-plugin-transform-es2015-block-scoping@6.26.0
21 silly currentTree ├── babel-plugin-transform-es2015-classes@6.24.1
21 silly currentTree ├── babel-plugin-transform-es2015-computed-properties@6.24.1
21 silly currentTree ├── babel-plugin-transform-es2015-destructuring@6.23.0
21 silly currentTree ├── babel-plugin-transform-es2015-duplicate-keys@6.24.1
21 silly currentTree ├── babel-plugin-transform-es2015-for-of@6.23.0
21 silly currentTree ├── babel-plugin-transform-es2015-function-name@6.24.1
21 silly currentTree ├── babel-plugin-transform-es2015-literals@6.22.0
21 silly currentTree ├── babel-plugin-transform-es2015-modules-amd@6.24.1
21 silly currentTree ├── babel-plugin-transform-es2015-modules-commonjs@6.26.0
21 silly currentTree ├── babel-plugin-transform-es2015-modules-systemjs@6.24.1
21 silly currentTree ├── babel-plugin-transform-es2015-modules-umd@6.24.1
21 silly currentTree ├── babel-plugin-transform-es2015-object-super@6.24.1
21 silly currentTree ├── babel-plugin-transform-es2015-parameters@6.24.1
21 silly currentTree ├── babel-plugin-transform-es2015-shorthand-properties@6.24.1
21 silly currentTree ├── babel-plugin-transform-es2015-spread@6.22.0
21 silly currentTree ├── babel-plugin-transform-es2015-sticky-regex@6.24.1
21 silly currentTree ├── babel-plugin-transform-es2015-template-literals@6.22.0
21 silly currentTree ├── babel-plugin-transform-es2015-typeof-symbol@6.23.0
21 silly currentTree ├── babel-plugin-transform-es2015-unicode-regex@6.24.1
21 silly currentTree ├── babel-plugin-transform-regenerator@6.26.0
21 silly currentTree ├── babel-plugin-transform-strict-mode@6.24.1
21 silly currentTree ├── babel-preset-es2015@6.24.1
21 silly currentTree ├── babel-runtime@6.26.0
21 silly currentTree ├── babel-template@6.26.0
21 silly currentTree ├── babel-traverse@6.26.0
21 silly currentTree ├── babel-types@6.26.0
21 silly currentTree ├── babylon@6.18.0
21 silly currentTree ├── bcrypt-pbkdf@1.0.1
21 silly currentTree ├── boolbase@1.0.0
21 silly currentTree ├── boom@2.10.1
21 silly currentTree ├── caseless@0.12.0
21 silly currentTree ├── chalk@1.1.3
21 silly currentTree ├─┬ cheerio@0.19.0
21 silly currentTree │ └── lodash@3.10.1
21 silly currentTree ├── co@4.6.0
21 silly currentTree ├── combined-stream@1.0.5
21 silly currentTree ├── consistent-env@1.3.0
21 silly currentTree ├── core-js@2.5.0
21 silly currentTree ├── core-util-is@1.0.2
21 silly currentTree ├── cryptiles@2.0.5
21 silly currentTree ├── css-select@1.0.0
21 silly currentTree ├── css-what@1.0.0
21 silly currentTree ├─┬ dashdash@1.14.1
21 silly currentTree │ └── assert-plus@1.0.0
21 silly currentTree ├── debug@2.6.8
21 silly currentTree ├── delayed-stream@1.0.0
21 silly currentTree ├─┬ dom-serializer@0.1.0
21 silly currentTree │ └── domelementtype@1.1.3
21 silly currentTree ├── domelementtype@1.3.0
21 silly currentTree ├── domhandler@2.3.0
21 silly currentTree ├── domutils@1.4.3
21 silly currentTree ├── ecc-jsbn@0.1.1
21 silly currentTree ├── entities@1.1.1
21 silly currentTree ├── escape-string-regexp@1.0.5
21 silly currentTree ├── esutils@2.0.2
21 silly currentTree ├── extend@3.0.1
21 silly currentTree ├── extsprintf@1.3.0
21 silly currentTree ├── forever-agent@0.6.1
21 silly currentTree ├── form-data@2.1.4
21 silly currentTree ├─┬ getpass@0.1.7
21 silly currentTree │ └── assert-plus@1.0.0
21 silly currentTree ├── globals@9.18.0
21 silly currentTree ├── har-schema@1.0.5
21 silly currentTree ├── har-validator@4.2.1
21 silly currentTree ├── has-ansi@2.0.0
21 silly currentTree ├── hawk@3.1.3
21 silly currentTree ├── hoek@2.16.3
21 silly currentTree ├─┬ htmlparser2@3.8.3
21 silly currentTree │ ├── domutils@1.5.1
21 silly currentTree │ └── entities@1.0.0
21 silly currentTree ├── http-signature@1.1.1
21 silly currentTree ├── inherits@2.0.3
21 silly currentTree ├── invariant@2.2.2
21 silly currentTree ├── is-typedarray@1.0.0
21 silly currentTree ├── isarray@0.0.1
21 silly currentTree ├── isstream@0.1.2
21 silly currentTree ├── js-tokens@3.0.2
21 silly currentTree ├── jsbn@0.1.1
21 silly currentTree ├── jsesc@0.5.0
21 silly currentTree ├── json-schema@0.2.3
21 silly currentTree ├── json-stable-stringify@1.0.1
21 silly currentTree ├── json-stringify-safe@5.0.1
21 silly currentTree ├── jsonify@0.0.0
21 silly currentTree ├─┬ jsprim@1.4.1
21 silly currentTree │ └── assert-plus@1.0.0
21 silly currentTree ├── lodash.uniq@4.5.0
21 silly currentTree ├── lodash@4.17.4
21 silly currentTree ├── loose-envify@1.3.1
21 silly currentTree ├── mime-db@1.29.0
21 silly currentTree ├── mime-types@2.1.16
21 silly currentTree ├── ms@2.0.0
21 silly currentTree ├── nth-check@1.0.1
21 silly currentTree ├── oauth-sign@0.8.2
21 silly currentTree ├── performance-now@0.2.0
21 silly currentTree ├── private@0.1.7
21 silly currentTree ├── punycode@1.4.1
21 silly currentTree ├── qs@6.4.0
21 silly currentTree ├── readable-stream@1.1.14
21 silly currentTree ├── regenerate@1.3.2
21 silly currentTree ├── regenerator-runtime@0.11.0
21 silly currentTree ├── regenerator-transform@0.10.1
21 silly currentTree ├── regexpu-core@2.0.0
21 silly currentTree ├── regjsgen@0.2.0
21 silly currentTree ├── regjsparser@0.1.5
21 silly currentTree ├── request@2.81.0
21 silly currentTree ├── safe-buffer@5.1.1
21 silly currentTree ├── sb-callsite@1.1.2
21 silly currentTree ├── sb-exec@3.1.0
21 silly currentTree ├── sb-memoize@1.0.2
21 silly currentTree ├── sb-npm-path@2.0.0
21 silly currentTree ├── sb-promisify@2.0.1
21 silly currentTree ├── sntp@1.0.9
21 silly currentTree ├─┬ sshpk@1.13.1
21 silly currentTree │ └── assert-plus@1.0.0
21 silly currentTree ├── string_decoder@0.10.31
21 silly currentTree ├── stringstream@0.0.5
21 silly currentTree ├── strip-ansi@3.0.1
21 silly currentTree ├── supports-color@2.0.0
21 silly currentTree ├── to-fast-properties@1.0.3
21 silly currentTree ├── tough-cookie@2.3.2
21 silly currentTree ├── tunnel-agent@0.6.0
21 silly currentTree ├── tweetnacl@0.14.5
21 silly currentTree ├── uuid@3.1.0
21 silly currentTree └─┬ verror@1.10.0
21 silly currentTree   └── assert-plus@1.0.0
22 silly idealTree atom-react-native-autocomplete@0.0.27
22 silly idealTree ├── ajv@4.11.8
22 silly idealTree ├── ansi-regex@2.1.1
22 silly idealTree ├── ansi-styles@2.2.1
22 silly idealTree ├── asn1@0.2.3
22 silly idealTree ├── assert-plus@0.2.0
22 silly idealTree ├── asynckit@0.4.0
22 silly idealTree ├── atom-package-deps@4.3.1
22 silly idealTree ├── atom-package-path@1.1.0
22 silly idealTree ├── aws-sign2@0.6.0
22 silly idealTree ├── aws4@1.6.0
22 silly idealTree ├── babel-code-frame@6.26.0
22 silly idealTree ├── babel-helper-call-delegate@6.24.1
22 silly idealTree ├── babel-helper-define-map@6.26.0
22 silly idealTree ├── babel-helper-function-name@6.24.1
22 silly idealTree ├── babel-helper-get-function-arity@6.24.1
22 silly idealTree ├── babel-helper-hoist-variables@6.24.1
22 silly idealTree ├── babel-helper-optimise-call-expression@6.24.1
22 silly idealTree ├── babel-helper-regex@6.26.0
22 silly idealTree ├── babel-helper-replace-supers@6.24.1
22 silly idealTree ├── babel-messages@6.23.0
22 silly idealTree ├── babel-plugin-add-module-exports@0.1.4
22 silly idealTree ├── babel-plugin-check-es2015-constants@6.22.0
22 silly idealTree ├── babel-plugin-transform-es2015-arrow-functions@6.22.0
22 silly idealTree ├── babel-plugin-transform-es2015-block-scoped-functions@6.22.0
22 silly idealTree ├── babel-plugin-transform-es2015-block-scoping@6.26.0
22 silly idealTree ├── babel-plugin-transform-es2015-classes@6.24.1
22 silly idealTree ├── babel-plugin-transform-es2015-computed-properties@6.24.1
22 silly idealTree ├── babel-plugin-transform-es2015-destructuring@6.23.0
22 silly idealTree ├── babel-plugin-transform-es2015-duplicate-keys@6.24.1
22 silly idealTree ├── babel-plugin-transform-es2015-for-of@6.23.0
22 silly idealTree ├── babel-plugin-transform-es2015-function-name@6.24.1
22 silly idealTree ├── babel-plugin-transform-es2015-literals@6.22.0
22 silly idealTree ├── babel-plugin-transform-es2015-modules-amd@6.24.1
22 silly idealTree ├── babel-plugin-transform-es2015-modules-commonjs@6.26.0
22 silly idealTree ├── babel-plugin-transform-es2015-modules-systemjs@6.24.1
22 silly idealTree ├── babel-plugin-transform-es2015-modules-umd@6.24.1
22 silly idealTree ├── babel-plugin-transform-es2015-object-super@6.24.1
22 silly idealTree ├── babel-plugin-transform-es2015-parameters@6.24.1
22 silly idealTree ├── babel-plugin-transform-es2015-shorthand-properties@6.24.1
22 silly idealTree ├── babel-plugin-transform-es2015-spread@6.22.0
22 silly idealTree ├── babel-plugin-transform-es2015-sticky-regex@6.24.1
22 silly idealTree ├── babel-plugin-transform-es2015-template-literals@6.22.0
22 silly idealTree ├── babel-plugin-transform-es2015-typeof-symbol@6.23.0
22 silly idealTree ├── babel-plugin-transform-es2015-unicode-regex@6.24.1
22 silly idealTree ├── babel-plugin-transform-regenerator@6.26.0
22 silly idealTree ├── babel-plugin-transform-strict-mode@6.24.1
22 silly idealTree ├── babel-preset-es2015@6.24.1
22 silly idealTree ├── babel-runtime@6.26.0
22 silly idealTree ├── babel-template@6.26.0
22 silly idealTree ├── babel-traverse@6.26.0
22 silly idealTree ├── babel-types@6.26.0
22 silly idealTree ├── babylon@6.18.0
22 silly idealTree ├── bcrypt-pbkdf@1.0.1
22 silly idealTree ├── boolbase@1.0.0
22 silly idealTree ├── boom@2.10.1
22 silly idealTree ├── caseless@0.12.0
22 silly idealTree ├── chalk@1.1.3
22 silly idealTree ├─┬ cheerio@0.19.0
22 silly idealTree │ └── lodash@3.10.1
22 silly idealTree ├── co@4.6.0
22 silly idealTree ├── combined-stream@1.0.5
22 silly idealTree ├── consistent-env@1.3.0
22 silly idealTree ├── core-js@2.5.0
22 silly idealTree ├── core-util-is@1.0.2
22 silly idealTree ├── cryptiles@2.0.5
22 silly idealTree ├── css-select@1.0.0
22 silly idealTree ├── css-what@1.0.0
22 silly idealTree ├─┬ dashdash@1.14.1
22 silly idealTree │ └── assert-plus@1.0.0
22 silly idealTree ├── debug@2.6.8
22 silly idealTree ├── delayed-stream@1.0.0
22 silly idealTree ├─┬ dom-serializer@0.1.0
22 silly idealTree │ └── domelementtype@1.1.3
22 silly idealTree ├── domelementtype@1.3.0
22 silly idealTree ├── domhandler@2.3.0
22 silly idealTree ├── domutils@1.4.3
22 silly idealTree ├── ecc-jsbn@0.1.1
22 silly idealTree ├── entities@1.1.1
22 silly idealTree ├── escape-string-regexp@1.0.5
22 silly idealTree ├── esutils@2.0.2
22 silly idealTree ├── extend@3.0.1
22 silly idealTree ├── extsprintf@1.3.0
22 silly idealTree ├── forever-agent@0.6.1
22 silly idealTree ├── form-data@2.1.4
22 silly idealTree ├─┬ getpass@0.1.7
22 silly idealTree │ └── assert-plus@1.0.0
22 silly idealTree ├── globals@9.18.0
22 silly idealTree ├── har-schema@1.0.5
22 silly idealTree ├── har-validator@4.2.1
22 silly idealTree ├── has-ansi@2.0.0
22 silly idealTree ├── hawk@3.1.3
22 silly idealTree ├── hoek@2.16.3
22 silly idealTree ├─┬ htmlparser2@3.8.3
22 silly idealTree │ ├── domutils@1.5.1
22 silly idealTree │ └── entities@1.0.0
22 silly idealTree ├── http-signature@1.1.1
22 silly idealTree ├── inherits@2.0.3
22 silly idealTree ├── invariant@2.2.2
22 silly idealTree ├── is-typedarray@1.0.0
22 silly idealTree ├── isarray@0.0.1
22 silly idealTree ├── isstream@0.1.2
22 silly idealTree ├── js-tokens@3.0.2
22 silly idealTree ├── jsbn@0.1.1
22 silly idealTree ├── jsesc@0.5.0
22 silly idealTree ├── json-schema@0.2.3
22 silly idealTree ├── json-stable-stringify@1.0.1
22 silly idealTree ├── json-stringify-safe@5.0.1
22 silly idealTree ├── jsonify@0.0.0
22 silly idealTree ├─┬ jsprim@1.4.1
22 silly idealTree │ └── assert-plus@1.0.0
22 silly idealTree ├── lodash.uniq@4.5.0
22 silly idealTree ├── lodash@4.17.4
22 silly idealTree ├── loose-envify@1.3.1
22 silly idealTree ├── mime-db@1.29.0
22 silly idealTree ├── mime-types@2.1.16
22 silly idealTree ├── ms@2.0.0
22 silly idealTree ├── nth-check@1.0.1
22 silly idealTree ├── oauth-sign@0.8.2
22 silly idealTree ├── performance-now@0.2.0
22 silly idealTree ├── private@0.1.7
22 silly idealTree ├── punycode@1.4.1
22 silly idealTree ├── qs@6.4.0
22 silly idealTree ├── readable-stream@1.1.14
22 silly idealTree ├── regenerate@1.3.2
22 silly idealTree ├── regenerator-runtime@0.11.0
22 silly idealTree ├── regenerator-transform@0.10.1
22 silly idealTree ├── regexpu-core@2.0.0
22 silly idealTree ├── regjsgen@0.2.0
22 silly idealTree ├── regjsparser@0.1.5
22 silly idealTree ├── request@2.81.0
22 silly idealTree ├── safe-buffer@5.1.1
22 silly idealTree ├── sb-callsite@1.1.2
22 silly idealTree ├── sb-exec@3.1.0
22 silly idealTree ├── sb-memoize@1.0.2
22 silly idealTree ├── sb-npm-path@2.0.0
22 silly idealTree ├── sb-promisify@2.0.1
22 silly idealTree ├── sntp@1.0.9
22 silly idealTree ├─┬ sshpk@1.13.1
22 silly idealTree │ └── assert-plus@1.0.0
22 silly idealTree ├── string_decoder@0.10.31
22 silly idealTree ├── stringstream@0.0.5
22 silly idealTree ├── strip-ansi@3.0.1
22 silly idealTree ├── supports-color@2.0.0
22 silly idealTree ├── to-fast-properties@1.0.3
22 silly idealTree ├── tough-cookie@2.3.2
22 silly idealTree ├── tunnel-agent@0.6.0
22 silly idealTree ├── tweetnacl@0.14.5
22 silly idealTree ├── uuid@3.1.0
22 silly idealTree └─┬ verror@1.10.0
22 silly idealTree   └── assert-plus@1.0.0
23 silly generateActionsToTake Starting
24 silly install generateActionsToTake
25 silly generateActionsToTake Finishing
26 silly diffTrees action count 0
27 silly decomposeActions action count 0
28 silly runTopLevelLifecycles Starting
29 silly install runPreinstallTopLevelLifecycles
30 silly preinstall atom-react-native-autocomplete@0.0.27
31 info lifecycle atom-react-native-autocomplete@0.0.27~preinstall: atom-react-native-autocomplete@0.0.27
32 silly lifecycle atom-react-native-autocomplete@0.0.27~preinstall: no script for preinstall, continuing
33 silly executeActions Starting
34 silly install executeActions
35 silly doSerial global-install 0
36 silly doParallel fetch 0
37 verbose correctMkdir /Users/auiii/.npm/_locks correctMkdir not in flight; initializing
38 verbose lock using /Users/auiii/.npm/_locks/staging-1b6ac09959817fdb.lock for /Users/auiii/.atom/packages/atom-react-native-autocomplete/node_modules/.staging
39 silly doParallel extract 0
40 silly doParallel preinstall 0
41 silly doReverseSerial remove 0
42 silly doSerial move 0
43 silly doSerial finalize 0
44 silly doSerial build 0
45 silly doSerial global-link 0
46 silly doParallel update-linked 0
47 silly doSerial install 0
48 silly doSerial postinstall 0
49 verbose unlock done using /Users/auiii/.npm/_locks/staging-1b6ac09959817fdb.lock for /Users/auiii/.atom/packages/atom-react-native-autocomplete/node_modules/.staging
50 silly executeActions Finishing
51 silly rollbackFailedOptional Starting
52 silly rollbackFailedOptional Finishing
53 silly install runPostinstallTopLevelLifecycles
54 silly build atom-react-native-autocomplete@0.0.27
55 info linkStuff atom-react-native-autocomplete@0.0.27
56 silly linkStuff atom-react-native-autocomplete@0.0.27 has /Users/auiii/.atom/packages as its parent node_modules
57 verbose linkBins atom-react-native-autocomplete@0.0.27
58 verbose linkMans atom-react-native-autocomplete@0.0.27
59 silly install atom-react-native-autocomplete@0.0.27
60 info lifecycle atom-react-native-autocomplete@0.0.27~install: atom-react-native-autocomplete@0.0.27
61 silly lifecycle atom-react-native-autocomplete@0.0.27~install: no script for install, continuing
62 silly postinstall atom-react-native-autocomplete@0.0.27
63 info lifecycle atom-react-native-autocomplete@0.0.27~postinstall: atom-react-native-autocomplete@0.0.27
64 silly lifecycle atom-react-native-autocomplete@0.0.27~postinstall: no script for postinstall, continuing
65 silly prepublish atom-react-native-autocomplete@0.0.27
66 warn prepublish-on-install As of npm@5, `prepublish` scripts will run only for `npm publish`.
67 warn prepublish-on-install (In npm@4 and previous versions, it also runs for `npm install`.)
68 warn prepublish-on-install See the deprecation note in `npm help scripts` for more information.
69 info lifecycle atom-react-native-autocomplete@0.0.27~prepublish: atom-react-native-autocomplete@0.0.27
70 verbose lifecycle atom-react-native-autocomplete@0.0.27~prepublish: unsafe-perm in lifecycle true
71 verbose lifecycle atom-react-native-autocomplete@0.0.27~prepublish: PATH: /Users/auiii/.nvm/versions/node/v7.7.1/lib/node_modules/npm/bin/node-gyp-bin:/Users/auiii/.atom/packages/atom-react-native-autocomplete/node_modules/.bin:/Users/auiii/Library/Android/sdk/tools:/Users/auiii/Library/Android/sdk/platform-tools:/Users/auiii/.nvm/versions/node/v7.7.1/bin:/usr/local/bin:/usr/bin:/bin:/usr/sbin:/sbin:/Users/auiii/Library/Android/sdk/build-tools/23.0.3:/Users/auiii/.nvm/versions/node/v7.7.1/bin
72 verbose lifecycle atom-react-native-autocomplete@0.0.27~prepublish: CWD: /Users/auiii/.atom/packages/atom-react-native-autocomplete
73 silly lifecycle atom-react-native-autocomplete@0.0.27~prepublish: Args: [ '-c',
73 silly lifecycle   'babel -d lib/ src/ --presets es2015 --plugins add-module-exports' ]
74 info lifecycle atom-react-native-autocomplete@0.0.27~prepublish: Failed to exec prepublish script
75 verbose stack Error: atom-react-native-autocomplete@0.0.27 prepublish: `babel -d lib/ src/ --presets es2015 --plugins add-module-exports`
75 verbose stack spawn ENOENT
75 verbose stack     at ChildProcess.<anonymous> (/Users/auiii/.nvm/versions/node/v7.7.1/lib/node_modules/npm/lib/utils/spawn.js:33:16)
75 verbose stack     at emitTwo (events.js:106:13)
75 verbose stack     at ChildProcess.emit (events.js:194:7)
75 verbose stack     at maybeClose (internal/child_process.js:899:16)
75 verbose stack     at Process.ChildProcess._handle.onexit (internal/child_process.js:226:5)
76 verbose pkgid atom-react-native-autocomplete@0.0.27
77 verbose cwd /Users/auiii/.atom/packages/atom-react-native-autocomplete
78 error Darwin 16.6.0
79 error argv "/Users/auiii/.nvm/versions/node/v7.7.1/bin/node" "/Users/auiii/.nvm/versions/node/v7.7.1/bin/npm" "install"
80 error node v7.7.1
81 error npm  v4.1.2
82 error file sh
83 error code ELIFECYCLE
84 error errno ENOENT
85 error syscall spawn
86 error atom-react-native-autocomplete@0.0.27 prepublish: `babel -d lib/ src/ --presets es2015 --plugins add-module-exports`
86 error spawn ENOENT
87 error Failed at the atom-react-native-autocomplete@0.0.27 prepublish script 'babel -d lib/ src/ --presets es2015 --plugins add-module-exports'.
87 error Make sure you have the latest version of node.js and npm installed.
87 error If you do, this is most likely a problem with the atom-react-native-autocomplete package,
87 error not with npm itself.
87 error Tell the author that this fails on your system:
87 error     babel -d lib/ src/ --presets es2015 --plugins add-module-exports
87 error You can get information on how to open an issue for this project with:
87 error     npm bugs atom-react-native-autocomplete
87 error Or if that isn't available, you can get their info via:
87 error     npm owner ls atom-react-native-autocomplete
87 error There is likely additional logging output above.
88 verbose exit [ 1, true ]
